<?xml version="1.0" encoding="UTF-8"?>
<robot generator="Robot 6.1.1 (Python 3.12.0 on darwin)" generated="20241024 15:34:41.970" rpa="false" schemaversion="4">
<suite id="s1" name="Run" source="/Users/havalomer/PycharmProjects/vegetables/vegetables/Tests/run.robot">
<test id="s1-t1" name="run and buy 5-kg of Brocolli" line="6">
<kw name="user open web site" library="home_page">
<kw name="Open Browser" library="SeleniumLibrary">
<arg>${URL}</arg>
<arg>${browser}</arg>
<doc>Opens a new browser instance to the optional ``url``.</doc>
<msg timestamp="20241024 15:34:42.031" level="INFO">Opening browser 'chrome' to base url 'https://rahulshettyacademy.com/seleniumPractise/#/'.</msg>
<status status="PASS" starttime="20241024 15:34:42.031" endtime="20241024 15:34:46.171"/>
</kw>
<kw name="Maximize Browser Window" library="SeleniumLibrary">
<doc>Maximizes current browser window.</doc>
<status status="PASS" starttime="20241024 15:34:46.171" endtime="20241024 15:34:46.539"/>
</kw>
<status status="PASS" starttime="20241024 15:34:42.031" endtime="20241024 15:34:46.539"/>
</kw>
<kw name="user select 5-kg of brocolli" library="home_page">
<for flavor="IN RANGE">
<var>${i}</var>
<value>4</value>
<iter>
<var name="${i}">0</var>
<kw name="Click Element" library="SeleniumLibrary">
<arg>${increment-path}</arg>
<doc>Click the element identified by ``locator``.</doc>
<msg timestamp="20241024 15:34:46.540" level="INFO">Clicking element '//div[@class='product' and h4[contains(text(),'Brocolli - 1 Kg')]]/div[@class='stepper-input']//a[@class='increment']'.</msg>
<status status="PASS" starttime="20241024 15:34:46.539" endtime="20241024 15:34:46.589"/>
</kw>
<status status="PASS" starttime="20241024 15:34:46.539" endtime="20241024 15:34:46.589"/>
</iter>
<iter>
<var name="${i}">1</var>
<kw name="Click Element" library="SeleniumLibrary">
<arg>${increment-path}</arg>
<doc>Click the element identified by ``locator``.</doc>
<msg timestamp="20241024 15:34:46.589" level="INFO">Clicking element '//div[@class='product' and h4[contains(text(),'Brocolli - 1 Kg')]]/div[@class='stepper-input']//a[@class='increment']'.</msg>
<status status="PASS" starttime="20241024 15:34:46.589" endtime="20241024 15:34:46.620"/>
</kw>
<status status="PASS" starttime="20241024 15:34:46.589" endtime="20241024 15:34:46.620"/>
</iter>
<iter>
<var name="${i}">2</var>
<kw name="Click Element" library="SeleniumLibrary">
<arg>${increment-path}</arg>
<doc>Click the element identified by ``locator``.</doc>
<msg timestamp="20241024 15:34:46.621" level="INFO">Clicking element '//div[@class='product' and h4[contains(text(),'Brocolli - 1 Kg')]]/div[@class='stepper-input']//a[@class='increment']'.</msg>
<status status="PASS" starttime="20241024 15:34:46.620" endtime="20241024 15:34:46.649"/>
</kw>
<status status="PASS" starttime="20241024 15:34:46.620" endtime="20241024 15:34:46.649"/>
</iter>
<iter>
<var name="${i}">3</var>
<kw name="Click Element" library="SeleniumLibrary">
<arg>${increment-path}</arg>
<doc>Click the element identified by ``locator``.</doc>
<msg timestamp="20241024 15:34:46.649" level="INFO">Clicking element '//div[@class='product' and h4[contains(text(),'Brocolli - 1 Kg')]]/div[@class='stepper-input']//a[@class='increment']'.</msg>
<status status="PASS" starttime="20241024 15:34:46.649" endtime="20241024 15:34:46.677"/>
</kw>
<status status="PASS" starttime="20241024 15:34:46.649" endtime="20241024 15:34:46.677"/>
</iter>
<status status="PASS" starttime="20241024 15:34:46.539" endtime="20241024 15:34:46.677"/>
</for>
<status status="PASS" starttime="20241024 15:34:46.539" endtime="20241024 15:34:46.677"/>
</kw>
<kw name="user verify product" library="home_page">
<var>${product_values}</var>
<kw name="Get Text" library="SeleniumLibrary">
<var>${product_name}</var>
<arg>${Brocolli_product_name}</arg>
<doc>Returns the text value of the element identified by ``locator``.</doc>
<msg timestamp="20241024 15:34:46.689" level="INFO">${product_name} = Brocolli - 1 Kg</msg>
<status status="PASS" starttime="20241024 15:34:46.677" endtime="20241024 15:34:46.689"/>
</kw>
<kw name="Should Be Equal As Strings" library="BuiltIn">
<arg>${product_name}</arg>
<arg>Brocolli - 1 Kg</arg>
<doc>Fails if objects are unequal after converting them to strings.</doc>
<status status="PASS" starttime="20241024 15:34:46.689" endtime="20241024 15:34:46.689"/>
</kw>
<kw name="Get Value" library="SeleniumLibrary">
<var>${quantity}</var>
<arg>${quantity-path}</arg>
<doc>Returns the value attribute of the element identified by ``locator``.</doc>
<msg timestamp="20241024 15:34:46.701" level="INFO">${quantity} = 5</msg>
<status status="PASS" starttime="20241024 15:34:46.689" endtime="20241024 15:34:46.701"/>
</kw>
<kw name="Convert To Number" library="BuiltIn">
<arg>${quantity}</arg>
<doc>Converts the given item to a floating point number.</doc>
<status status="PASS" starttime="20241024 15:34:46.701" endtime="20241024 15:34:46.701"/>
</kw>
<kw name="Should Be Equal As Numbers" library="BuiltIn">
<arg>${quantity}</arg>
<arg>5</arg>
<doc>Fails if objects are unequal after converting them to real numbers.</doc>
<status status="PASS" starttime="20241024 15:34:46.701" endtime="20241024 15:34:46.701"/>
</kw>
<kw name="Get Text" library="SeleniumLibrary">
<var>${price}</var>
<arg>${Brocolli_price}</arg>
<doc>Returns the text value of the element identified by ``locator``.</doc>
<msg timestamp="20241024 15:34:46.709" level="INFO">${price} = 120</msg>
<status status="PASS" starttime="20241024 15:34:46.701" endtime="20241024 15:34:46.709"/>
</kw>
<kw name="Convert To Number" library="BuiltIn">
<arg>${price}</arg>
<doc>Converts the given item to a floating point number.</doc>
<status status="PASS" starttime="20241024 15:34:46.709" endtime="20241024 15:34:46.709"/>
</kw>
<kw name="Should Be Equal As Numbers" library="BuiltIn">
<arg>${price}</arg>
<arg>120</arg>
<doc>Fails if objects are unequal after converting them to real numbers.</doc>
<status status="PASS" starttime="20241024 15:34:46.710" endtime="20241024 15:34:46.710"/>
</kw>
<kw name="Evaluate" library="BuiltIn">
<var>${total_price}</var>
<arg>${quantity}*${price}</arg>
<doc>Evaluates the given expression in Python and returns the result.</doc>
<msg timestamp="20241024 15:34:46.710" level="INFO">${total_price} = 600</msg>
<status status="PASS" starttime="20241024 15:34:46.710" endtime="20241024 15:34:46.710"/>
</kw>
<kw name="Should Be Equal As Numbers" library="BuiltIn">
<arg>${total_price}</arg>
<arg>600</arg>
<doc>Fails if objects are unequal after converting them to real numbers.</doc>
<msg timestamp="20241024 15:34:46.710" level="INFO">Argument types are:
&lt;class 'int'&gt;
&lt;class 'str'&gt;</msg>
<status status="PASS" starttime="20241024 15:34:46.710" endtime="20241024 15:34:46.710"/>
</kw>
<kw name="Create List" library="BuiltIn">
<var>${product_init_values}</var>
<arg>${product_name}</arg>
<arg>${quantity}</arg>
<arg>${price}</arg>
<arg>${total_price}</arg>
<doc>Returns a list containing given items.</doc>
<msg timestamp="20241024 15:34:46.710" level="INFO">${product_init_values} = ['Brocolli - 1 Kg', '5', '120', 600]</msg>
<status status="PASS" starttime="20241024 15:34:46.710" endtime="20241024 15:34:46.710"/>
</kw>
<return>
<value>${product_init_values}</value>
<status status="PASS" starttime="20241024 15:34:46.710" endtime="20241024 15:34:46.710"/>
</return>
<msg timestamp="20241024 15:34:46.710" level="INFO">${product_values} = ['Brocolli - 1 Kg', '5', '120', 600]</msg>
<status status="PASS" starttime="20241024 15:34:46.677" endtime="20241024 15:34:46.710"/>
</kw>
<kw name="user add 5-kg of broklli to add to card" library="home_page">
<kw name="Click Button" library="SeleniumLibrary">
<arg>${AddTo-card-button}</arg>
<doc>Clicks the button identified by ``locator``.</doc>
<msg timestamp="20241024 15:34:46.710" level="INFO">Clicking button '//div[@class='product' and h4[contains(text(),'Brocolli - 1 Kg')]]//div[@class='product-action']//button'.</msg>
<status status="PASS" starttime="20241024 15:34:46.710" endtime="20241024 15:34:46.757"/>
</kw>
<kw name="Sleep" library="BuiltIn">
<arg>3s</arg>
<doc>Pauses the test executed for the given time.</doc>
<msg timestamp="20241024 15:34:49.758" level="INFO">Slept 3 seconds</msg>
<status status="PASS" starttime="20241024 15:34:46.757" endtime="20241024 15:34:49.761"/>
</kw>
<status status="PASS" starttime="20241024 15:34:46.710" endtime="20241024 15:34:49.761"/>
</kw>
<kw name="user click on cart icon" library="home_page">
<kw name="Click Element" library="SeleniumLibrary">
<arg>${cart-icon}</arg>
<doc>Click the element identified by ``locator``.</doc>
<msg timestamp="20241024 15:34:49.764" level="INFO">Clicking element '//a[@class='cart-icon']'.</msg>
<status status="PASS" starttime="20241024 15:34:49.762" endtime="20241024 15:34:49.813"/>
</kw>
<kw name="Sleep" library="BuiltIn">
<arg>3s</arg>
<doc>Pauses the test executed for the given time.</doc>
<msg timestamp="20241024 15:34:52.814" level="INFO">Slept 3 seconds</msg>
<status status="PASS" starttime="20241024 15:34:49.813" endtime="20241024 15:34:52.815"/>
</kw>
<status status="PASS" starttime="20241024 15:34:49.762" endtime="20241024 15:34:52.815"/>
</kw>
<kw name="user click on procced to checkout button" library="home_page">
<kw name="Element Should Be Visible" library="SeleniumLibrary">
<arg>${processToCheckout-Button}</arg>
<doc>Verifies that the element identified by ``locator`` is visible.</doc>
<msg timestamp="20241024 15:34:52.842" level="INFO">Element '//div[@class='action-block']//button' is displayed.</msg>
<status status="PASS" starttime="20241024 15:34:52.816" endtime="20241024 15:34:52.842"/>
</kw>
<kw name="Sleep" library="BuiltIn">
<arg>3s</arg>
<doc>Pauses the test executed for the given time.</doc>
<msg timestamp="20241024 15:34:55.845" level="INFO">Slept 3 seconds</msg>
<status status="PASS" starttime="20241024 15:34:52.842" endtime="20241024 15:34:55.846"/>
</kw>
<kw name="Click Button" library="SeleniumLibrary">
<arg>${processToCheckout-Button}</arg>
<doc>Clicks the button identified by ``locator``.</doc>
<msg timestamp="20241024 15:34:55.848" level="INFO">Clicking button '//div[@class='action-block']//button'.</msg>
<status status="PASS" starttime="20241024 15:34:55.847" endtime="20241024 15:34:55.906"/>
</kw>
<kw name="Sleep" library="BuiltIn">
<arg>3s</arg>
<doc>Pauses the test executed for the given time.</doc>
<msg timestamp="20241024 15:34:58.909" level="INFO">Slept 3 seconds</msg>
<status status="PASS" starttime="20241024 15:34:55.906" endtime="20241024 15:34:58.909"/>
</kw>
<status status="PASS" starttime="20241024 15:34:52.815" endtime="20241024 15:34:58.909"/>
</kw>
<kw name="verify checkout page is loaded" library="checkout_keywords">
<kw name="Wait Until Element Is Visible" library="SeleniumLibrary">
<arg>${table_path}</arg>
<doc>Waits until the element ``locator`` is visible.</doc>
<status status="PASS" starttime="20241024 15:34:58.911" endtime="20241024 15:34:58.937"/>
</kw>
<kw name="Sleep" library="BuiltIn">
<arg>2s</arg>
<doc>Pauses the test executed for the given time.</doc>
<msg timestamp="20241024 15:35:00.938" level="INFO">Slept 2 seconds</msg>
<status status="PASS" starttime="20241024 15:34:58.937" endtime="20241024 15:35:00.938"/>
</kw>
<status status="PASS" starttime="20241024 15:34:58.910" endtime="20241024 15:35:00.938"/>
</kw>
<kw name="user get product table values" library="checkout_keywords">
<var>${pruduct_table_values}</var>
<kw name="Get Text" library="SeleniumLibrary">
<var>${product_name_table}</var>
<arg>${product_name_value}</arg>
<doc>Returns the text value of the element identified by ``locator``.</doc>
<msg timestamp="20241024 15:35:00.960" level="INFO">${product_name_table} = Brocolli - 1 Kg</msg>
<status status="PASS" starttime="20241024 15:35:00.939" endtime="20241024 15:35:00.960"/>
</kw>
<kw name="Should Be Equal As Strings" library="BuiltIn">
<arg>${product_name_table}</arg>
<arg>Brocolli - 1 Kg</arg>
<doc>Fails if objects are unequal after converting them to strings.</doc>
<status status="PASS" starttime="20241024 15:35:00.960" endtime="20241024 15:35:00.960"/>
</kw>
<kw name="Sleep" library="BuiltIn">
<arg>2s</arg>
<doc>Pauses the test executed for the given time.</doc>
<msg timestamp="20241024 15:35:02.962" level="INFO">Slept 2 seconds</msg>
<status status="PASS" starttime="20241024 15:35:00.960" endtime="20241024 15:35:02.963"/>
</kw>
<kw name="Get Text" library="SeleniumLibrary">
<var>${product_quantity_table}</var>
<arg>${product_quantity_value}</arg>
<doc>Returns the text value of the element identified by ``locator``.</doc>
<msg timestamp="20241024 15:35:02.987" level="INFO">${product_quantity_table} = 5</msg>
<status status="PASS" starttime="20241024 15:35:02.966" endtime="20241024 15:35:02.987"/>
</kw>
<kw name="Should Be Equal As Strings" library="BuiltIn">
<arg>${product_quantity_table}</arg>
<arg>5</arg>
<doc>Fails if objects are unequal after converting them to strings.</doc>
<status status="PASS" starttime="20241024 15:35:02.987" endtime="20241024 15:35:02.987"/>
</kw>
<kw name="Sleep" library="BuiltIn">
<arg>2s</arg>
<doc>Pauses the test executed for the given time.</doc>
<msg timestamp="20241024 15:35:04.989" level="INFO">Slept 2 seconds</msg>
<status status="PASS" starttime="20241024 15:35:02.987" endtime="20241024 15:35:04.990"/>
</kw>
<kw name="Get Text" library="SeleniumLibrary">
<var>${product_price_table}</var>
<arg>${product_price_value}</arg>
<doc>Returns the text value of the element identified by ``locator``.</doc>
<msg timestamp="20241024 15:35:05.011" level="INFO">${product_price_table} = 120</msg>
<status status="PASS" starttime="20241024 15:35:04.990" endtime="20241024 15:35:05.011"/>
</kw>
<kw name="Should Be Equal As Strings" library="BuiltIn">
<arg>${product_price_table}</arg>
<arg>120</arg>
<doc>Fails if objects are unequal after converting them to strings.</doc>
<status status="PASS" starttime="20241024 15:35:05.011" endtime="20241024 15:35:05.011"/>
</kw>
<kw name="Sleep" library="BuiltIn">
<arg>2s</arg>
<doc>Pauses the test executed for the given time.</doc>
<msg timestamp="20241024 15:35:07.012" level="INFO">Slept 2 seconds</msg>
<status status="PASS" starttime="20241024 15:35:05.011" endtime="20241024 15:35:07.012"/>
</kw>
<kw name="Get Text" library="SeleniumLibrary">
<var>${product_total_table}</var>
<arg>${product_total_value}</arg>
<doc>Returns the text value of the element identified by ``locator``.</doc>
<msg timestamp="20241024 15:35:07.035" level="INFO">${product_total_table} = 600</msg>
<status status="PASS" starttime="20241024 15:35:07.013" endtime="20241024 15:35:07.035"/>
</kw>
<kw name="Convert To Number" library="BuiltIn">
<var>${product_total_table}</var>
<arg>${product_total_table}</arg>
<doc>Converts the given item to a floating point number.</doc>
<msg timestamp="20241024 15:35:07.035" level="INFO">${product_total_table} = 600.0</msg>
<status status="PASS" starttime="20241024 15:35:07.035" endtime="20241024 15:35:07.035"/>
</kw>
<kw name="Should Be Equal As Numbers" library="BuiltIn">
<arg>${product_total_table}</arg>
<arg>600</arg>
<doc>Fails if objects are unequal after converting them to real numbers.</doc>
<msg timestamp="20241024 15:35:07.036" level="INFO">Argument types are:
&lt;class 'float'&gt;
&lt;class 'str'&gt;</msg>
<status status="PASS" starttime="20241024 15:35:07.035" endtime="20241024 15:35:07.036"/>
</kw>
<kw name="Sleep" library="BuiltIn">
<arg>2s</arg>
<doc>Pauses the test executed for the given time.</doc>
<msg timestamp="20241024 15:35:09.038" level="INFO">Slept 2 seconds</msg>
<status status="PASS" starttime="20241024 15:35:07.036" endtime="20241024 15:35:09.038"/>
</kw>
<kw name="Create List" library="BuiltIn">
<var>${product_table_values}</var>
<arg>${product_name_table}</arg>
<arg>${product_quantity_table}</arg>
<arg>${product_price_table}</arg>
<arg>${product_total_table}</arg>
<doc>Returns a list containing given items.</doc>
<msg timestamp="20241024 15:35:09.039" level="INFO">${product_table_values} = ['Brocolli - 1 Kg', '5', '120', 600.0]</msg>
<status status="PASS" starttime="20241024 15:35:09.039" endtime="20241024 15:35:09.039"/>
</kw>
<return>
<value>${product_table_values}</value>
<status status="PASS" starttime="20241024 15:35:09.040" endtime="20241024 15:35:09.040"/>
</return>
<msg timestamp="20241024 15:35:09.040" level="INFO">${pruduct_table_values} = ['Brocolli - 1 Kg', '5', '120', 600.0]</msg>
<status status="PASS" starttime="20241024 15:35:00.939" endtime="20241024 15:35:09.041"/>
</kw>
<kw name="verify table values with initial values" library="checkout_keywords">
<arg>${product_values}</arg>
<arg>${pruduct_table_values}</arg>
<kw name="Lists Should Be Equal" library="Collections">
<arg>${product_values}</arg>
<arg>${pruduct_table_values}</arg>
<doc>Fails if given lists are unequal.</doc>
<status status="PASS" starttime="20241024 15:35:09.042" endtime="20241024 15:35:09.043"/>
</kw>
<kw name="Log To Console" library="BuiltIn">
<arg>lists are equal</arg>
<doc>Logs the given message to the console.</doc>
<status status="PASS" starttime="20241024 15:35:09.043" endtime="20241024 15:35:09.043"/>
</kw>
<status status="PASS" starttime="20241024 15:35:09.041" endtime="20241024 15:35:09.043"/>
</kw>
<kw name="user click on place order button" library="checkout_keywords">
<kw name="Click Button" library="SeleniumLibrary">
<arg>${place_order_button}</arg>
<doc>Clicks the button identified by ``locator``.</doc>
<msg timestamp="20241024 15:35:09.045" level="INFO">Clicking button '//button[contains(text(),'Place Order')]'.</msg>
<status status="PASS" starttime="20241024 15:35:09.044" endtime="20241024 15:35:09.096"/>
</kw>
<kw name="Sleep" library="BuiltIn">
<arg>2s</arg>
<doc>Pauses the test executed for the given time.</doc>
<msg timestamp="20241024 15:35:11.097" level="INFO">Slept 2 seconds</msg>
<status status="PASS" starttime="20241024 15:35:09.096" endtime="20241024 15:35:11.098"/>
</kw>
<status status="PASS" starttime="20241024 15:35:09.044" endtime="20241024 15:35:11.098"/>
</kw>
<kw name="user select iraq in choose country" library="checkout_keywords">
<kw name="Click Element" library="SeleniumLibrary">
<arg>${select_element}</arg>
<doc>Click the element identified by ``locator``.</doc>
<msg timestamp="20241024 15:35:11.101" level="INFO">Clicking element '//select'.</msg>
<status status="PASS" starttime="20241024 15:35:11.100" endtime="20241024 15:35:11.178"/>
</kw>
<kw name="Sleep" library="BuiltIn">
<arg>2s</arg>
<doc>Pauses the test executed for the given time.</doc>
<msg timestamp="20241024 15:35:13.181" level="INFO">Slept 2 seconds</msg>
<status status="PASS" starttime="20241024 15:35:11.178" endtime="20241024 15:35:13.181"/>
</kw>
<kw name="Select From List By Value" library="SeleniumLibrary">
<arg>${select_element}</arg>
<arg>Iraq</arg>
<doc>Selects options from selection list ``locator`` by ``values``.</doc>
<msg timestamp="20241024 15:35:13.182" level="INFO">Selecting options from selection list '//select' by value Iraq.</msg>
<status status="PASS" starttime="20241024 15:35:13.181" endtime="20241024 15:35:13.238"/>
</kw>
<kw name="Sleep" library="BuiltIn">
<arg>2s</arg>
<doc>Pauses the test executed for the given time.</doc>
<msg timestamp="20241024 15:35:15.240" level="INFO">Slept 2 seconds</msg>
<status status="PASS" starttime="20241024 15:35:13.238" endtime="20241024 15:35:15.240"/>
</kw>
<status status="PASS" starttime="20241024 15:35:11.099" endtime="20241024 15:35:15.240"/>
</kw>
<kw name="user select condition and agreements" library="checkout_keywords">
<kw name="Select Checkbox" library="SeleniumLibrary">
<arg>${select_agreements}</arg>
<doc>Selects the checkbox identified by ``locator``.</doc>
<msg timestamp="20241024 15:35:15.241" level="INFO">Selecting checkbox '//input[@type='checkbox']'.</msg>
<status status="PASS" starttime="20241024 15:35:15.241" endtime="20241024 15:35:15.288"/>
</kw>
<kw name="Sleep" library="BuiltIn">
<arg>2s</arg>
<doc>Pauses the test executed for the given time.</doc>
<msg timestamp="20241024 15:35:17.290" level="INFO">Slept 2 seconds</msg>
<status status="PASS" starttime="20241024 15:35:15.288" endtime="20241024 15:35:17.290"/>
</kw>
<status status="PASS" starttime="20241024 15:35:15.241" endtime="20241024 15:35:17.291"/>
</kw>
<kw name="user click on proceed button" library="checkout_keywords">
<kw name="Click Button" library="SeleniumLibrary">
<arg>${proceed_button}</arg>
<doc>Clicks the button identified by ``locator``.</doc>
<msg timestamp="20241024 15:35:17.293" level="INFO">Clicking button '//button[contains(text(),'Proceed')]'.</msg>
<status status="PASS" starttime="20241024 15:35:17.292" endtime="20241024 15:35:17.335"/>
</kw>
<kw name="Sleep" library="BuiltIn">
<arg>2s</arg>
<doc>Pauses the test executed for the given time.</doc>
<msg timestamp="20241024 15:35:19.337" level="INFO">Slept 2 seconds</msg>
<status status="PASS" starttime="20241024 15:35:17.335" endtime="20241024 15:35:19.337"/>
</kw>
<status status="PASS" starttime="20241024 15:35:17.291" endtime="20241024 15:35:19.338"/>
</kw>
<status status="PASS" starttime="20241024 15:34:42.030" endtime="20241024 15:35:19.338"/>
</test>
<status status="PASS" starttime="20241024 15:34:41.970" endtime="20241024 15:35:19.340"/>
</suite>
<statistics>
<total>
<stat pass="1" fail="0" skip="0">All Tests</stat>
</total>
<tag>
</tag>
<suite>
<stat pass="1" fail="0" skip="0" id="s1" name="Run">Run</stat>
</suite>
</statistics>
<errors>
</errors>
</robot>
